This is pdfTeX, Version 3.1415926-2.3-1.40.12 (MiKTeX 2.9) (preloaded format=pdflatex 2016.10.9)  21 JAN 2020 08:37
entering extended mode
**C:/Users/Administrator/Desktop/winter*quarter/MAE281/homework1/homework1.tex
("C:/Users/Administrator/Desktop/winter quarter/MAE281/homework1/homework1.tex"
LaTeX2e <2011/06/27>
Babel <v3.8m> and hyphenation patterns for loaded.
(G:\LaTex\CTEX\MiKTeX\tex\latex\base\article.cls
Document Class: article 2007/10/19 v1.4h Standard LaTeX document class
(G:\LaTex\CTEX\MiKTeX\tex\latex\base\size11.clo
File: size11.clo 2007/10/19 v1.4h Standard LaTeX file (size option)
)
\c@part=\count79
\c@section=\count80
\c@subsection=\count81
\c@subsubsection=\count82
\c@paragraph=\count83
\c@subparagraph=\count84
\c@figure=\count85
\c@table=\count86
\abovecaptionskip=\skip41
\belowcaptionskip=\skip42
\bibindent=\dimen102
)
(G:\LaTex\CTEX\MiKTeX\tex\latex\float\float.sty
Package: float 2001/11/08 v1.3d Float enhancements (AL)
\c@float@type=\count87
\float@exts=\toks14
\float@box=\box26
\@float@everytoks=\toks15
\@floatcapt=\box27
)
(G:\LaTex\CTEX\MiKTeX\tex\latex\ams\math\amsmath.sty
Package: amsmath 2000/07/18 v2.13 AMS math features
\@mathmargin=\skip43

For additional information on amsmath, use the `?' option.
(G:\LaTex\CTEX\MiKTeX\tex\latex\ams\math\amstext.sty
Package: amstext 2000/06/29 v2.01

(G:\LaTex\CTEX\MiKTeX\tex\latex\ams\math\amsgen.sty
File: amsgen.sty 1999/11/30 v2.0
\@emptytoks=\toks16
\ex@=\dimen103
))
(G:\LaTex\CTEX\MiKTeX\tex\latex\ams\math\amsbsy.sty
Package: amsbsy 1999/11/29 v1.2d
\pmbraise@=\dimen104
)
(G:\LaTex\CTEX\MiKTeX\tex\latex\ams\math\amsopn.sty
Package: amsopn 1999/12/14 v2.01 operator names
)
\inf@bad=\count88
LaTeX Info: Redefining \frac on input line 211.
\uproot@=\count89
\leftroot@=\count90
LaTeX Info: Redefining \overline on input line 307.
\classnum@=\count91
\DOTSCASE@=\count92
LaTeX Info: Redefining \ldots on input line 379.
LaTeX Info: Redefining \dots on input line 382.
LaTeX Info: Redefining \cdots on input line 467.
\Mathstrutbox@=\box28
\strutbox@=\box29
\big@size=\dimen105
LaTeX Font Info:    Redeclaring font encoding OML on input line 567.
LaTeX Font Info:    Redeclaring font encoding OMS on input line 568.
\macc@depth=\count93
\c@MaxMatrixCols=\count94
\dotsspace@=\muskip10
\c@parentequation=\count95
\dspbrk@lvl=\count96
\tag@help=\toks17
\row@=\count97
\column@=\count98
\maxfields@=\count99
\andhelp@=\toks18
\eqnshift@=\dimen106
\alignsep@=\dimen107
\tagshift@=\dimen108
\tagwidth@=\dimen109
\totwidth@=\dimen110
\lineht@=\dimen111
\@envbody=\toks19
\multlinegap=\skip44
\multlinetaggap=\skip45
\mathdisplay@stack=\toks20
LaTeX Info: Redefining \[ on input line 2666.
LaTeX Info: Redefining \] on input line 2667.
)
(G:\LaTex\CTEX\MiKTeX\tex\latex\diagbox\diagbox.sty
Package: diagbox 2011/11/23 v2.0 Making table heads with diagonal lines

(G:\LaTex\CTEX\MiKTeX\tex\latex\graphics\keyval.sty
Package: keyval 1999/03/16 v1.13 key=value parser (DPC)
\KV@toks@=\toks21
)
(G:\LaTex\CTEX\MiKTeX\tex\latex\pict2e\pict2e.sty
Package: pict2e 2011/04/05 v0.2y Improved picture commands (HjG,RN,JT)

(G:\LaTex\CTEX\MiKTeX\tex\latex\00miktex\pict2e.cfg
File: pict2e.cfg 2005/12/29 v1.0 MiKTeX 'pict2e' configuration
)
Package pict2e Info: Driver file: pdftex.def on input line 119.

(G:\LaTex\CTEX\MiKTeX\tex\latex\pdftex-def\pdftex.def
File: pdftex.def 2011/05/27 v0.06d Graphics/color for pdfTeX

(G:\LaTex\CTEX\MiKTeX\tex\generic\oberdiek\infwarerr.sty
Package: infwarerr 2010/04/08 v1.3 Providing info/warning/message (HO)
)
(G:\LaTex\CTEX\MiKTeX\tex\generic\oberdiek\ltxcmds.sty
Package: ltxcmds 2011/04/18 v1.20 LaTeX kernel commands for general use (HO)
)
\Gread@gobject=\count100
)
Package pict2e Info: Driver file for pict2e: p2e-pdftex.def on input line 121.

(G:\LaTex\CTEX\MiKTeX\tex\latex\pict2e\p2e-pdftex.def
File: p2e-pdftex.def 2011/04/05 v0.1t Driver-dependant file (RN,HjG,JT)
)
(G:\LaTex\CTEX\MiKTeX\tex\latex\graphics\trig.sty
Package: trig 1999/03/16 v1.09 sin cos tan (DPC)
)
\pIIe@GRAPH=\toks22
\@arclen=\dimen112
\@arcrad=\dimen113
\@tempdimd=\dimen114
)
(G:\LaTex\CTEX\MiKTeX\tex\latex\fp\fp.sty
Package: fp 1995/04/02

`Fixed Point Package', Version 0.8, April 2, 1995 (C) Michael Mehlich
(G:\LaTex\CTEX\MiKTeX\tex\latex\fp\defpattern.sty
Package: defpattern 1994/10/12
\actioncount=\count101
)
(G:\LaTex\CTEX\MiKTeX\tex\latex\fp\fp-basic.sty
Package: fp-basic 1996/05/13
\FP@xs=\count102
\FP@xia=\count103
\FP@xib=\count104
\FP@xfa=\count105
\FP@xfb=\count106
\FP@rega=\count107
\FP@regb=\count108
\FP@regs=\count109
\FP@times=\count110
)
(G:\LaTex\CTEX\MiKTeX\tex\latex\fp\fp-addons.sty
Package: fp-addons 1995/03/15
)
(G:\LaTex\CTEX\MiKTeX\tex\latex\fp\fp-snap.sty
Package: fp-snap 1995/04/05
)
(G:\LaTex\CTEX\MiKTeX\tex\latex\fp\fp-exp.sty
Package: fp-exp 1995/04/03
)
(G:\LaTex\CTEX\MiKTeX\tex\latex\fp\fp-trigo.sty
Package: fp-trigo 1995/04/14
)
(G:\LaTex\CTEX\MiKTeX\tex\latex\fp\fp-pas.sty
Package: fp-pas 1994/08/29
)
(G:\LaTex\CTEX\MiKTeX\tex\latex\fp\fp-random.sty
Package: fp-random 1995/02/23
\FPseed=\count111
)
(G:\LaTex\CTEX\MiKTeX\tex\latex\fp\fp-eqn.sty
Package: fp-eqn 1995/04/03
)
(G:\LaTex\CTEX\MiKTeX\tex\latex\fp\fp-upn.sty
Package: fp-upn 1996/10/21
)
(G:\LaTex\CTEX\MiKTeX\tex\latex\fp\fp-eval.sty
Package: fp-eval 1995/04/03
))
\diagbox@boxa=\box30
\diagbox@boxb=\box31
\diagbox@boxm=\box32
\diagbox@wd=\dimen115
\diagbox@ht=\dimen116
\diagbox@sepl=\dimen117
\diagbox@sepr=\dimen118
)
(G:\LaTex\CTEX\MiKTeX\tex\latex\graphics\color.sty
Package: color 2005/11/14 v1.0j Standard LaTeX Color (DPC)

(G:\LaTex\CTEX\MiKTeX\tex\latex\00miktex\color.cfg
File: color.cfg 2007/01/18 v1.5 color configuration of teTeX/TeXLive
)
Package color Info: Driver file: pdftex.def on input line 130.
)
(G:\LaTex\CTEX\MiKTeX\tex\latex\psnfss\palatino.sty
Package: palatino 2005/04/12 PSNFSS-v9.2a (SPQR) 
)
(G:\LaTex\CTEX\MiKTeX\tex\latex\geometry\geometry.sty
Package: geometry 2010/09/12 v5.6 Page Geometry

(G:\LaTex\CTEX\MiKTeX\tex\generic\oberdiek\ifpdf.sty
Package: ifpdf 2011/01/30 v2.3 Provides the ifpdf switch (HO)
Package ifpdf Info: pdfTeX in PDF mode is detected.
)
(G:\LaTex\CTEX\MiKTeX\tex\generic\oberdiek\ifvtex.sty
Package: ifvtex 2010/03/01 v1.5 Switches for detecting VTeX and its modes (HO)
Package ifvtex Info: VTeX not detected.
)
(G:\LaTex\CTEX\MiKTeX\tex\generic\ifxetex\ifxetex.sty
Package: ifxetex 2010/09/12 v0.6 Provides ifxetex conditional
)
\Gm@cnth=\count112
\Gm@cntv=\count113
\c@Gm@tempcnt=\count114
\Gm@bindingoffset=\dimen119
\Gm@wd@mp=\dimen120
\Gm@odd@mp=\dimen121
\Gm@even@mp=\dimen122
\Gm@layoutwidth=\dimen123
\Gm@layoutheight=\dimen124
\Gm@layouthoffset=\dimen125
\Gm@layoutvoffset=\dimen126
\Gm@dimlist=\toks23

(G:\LaTex\CTEX\MiKTeX\tex\latex\geometry\geometry.cfg))
(G:\LaTex\CTEX\MiKTeX\tex\latex\setspace\setspace.sty
Package: setspace 2011/12/19 v6.7a set line spacing
)
(G:\LaTex\CTEX\MiKTeX\tex\latex\graphics\graphicx.sty
Package: graphicx 1999/02/16 v1.0f Enhanced LaTeX Graphics (DPC,SPQR)

(G:\LaTex\CTEX\MiKTeX\tex\latex\graphics\graphics.sty
Package: graphics 2009/02/05 v1.0o Standard LaTeX Graphics (DPC,SPQR)

(G:\LaTex\CTEX\MiKTeX\tex\latex\00miktex\graphics.cfg
File: graphics.cfg 2007/01/18 v1.5 graphics configuration of teTeX/TeXLive
)
Package graphics Info: Driver file: pdftex.def on input line 91.
)
\Gin@req@height=\dimen127
\Gin@req@width=\dimen128
)
(G:\LaTex\CTEX\MiKTeX\tex\latex\listings\listings.sty
\lst@mode=\count115
\lst@gtempboxa=\box33
\lst@token=\toks24
\lst@length=\count116
\lst@currlwidth=\dimen129
\lst@column=\count117
\lst@pos=\count118
\lst@lostspace=\dimen130
\lst@width=\dimen131
\lst@newlines=\count119
\lst@lineno=\count120
\lst@maxwidth=\dimen132

(G:\LaTex\CTEX\MiKTeX\tex\latex\listings\lstmisc.sty
File: lstmisc.sty 2007/02/22 1.4 (Carsten Heinz)
\c@lstnumber=\count121
\lst@skipnumbers=\count122
\lst@framebox=\box34
)
(G:\LaTex\CTEX\MiKTeX\tex\latex\listings\listings.cfg
File: listings.cfg 2007/02/22 1.4 listings configuration
))
Package: listings 2007/02/22 1.4 (Carsten Heinz)
\c@law=\count123
\c@mur=\count124

("C:\Users\Administrator\Desktop\winter quarter\MAE281\homework1\homework1.aux"
)
LaTeX Font Info:    Checking defaults for OML/cmm/m/it on input line 50.
LaTeX Font Info:    ... okay on input line 50.
LaTeX Font Info:    Checking defaults for T1/cmr/m/n on input line 50.
LaTeX Font Info:    ... okay on input line 50.
LaTeX Font Info:    Checking defaults for OT1/cmr/m/n on input line 50.
LaTeX Font Info:    ... okay on input line 50.
LaTeX Font Info:    Checking defaults for OMS/cmsy/m/n on input line 50.
LaTeX Font Info:    ... okay on input line 50.
LaTeX Font Info:    Checking defaults for OMX/cmex/m/n on input line 50.
LaTeX Font Info:    ... okay on input line 50.
LaTeX Font Info:    Checking defaults for U/cmr/m/n on input line 50.
LaTeX Font Info:    ... okay on input line 50.
LaTeX Font Info:    Try loading font information for OT1+ppl on input line 50.
 (G:\LaTex\CTEX\MiKTeX\tex\latex\psnfss\ot1ppl.fd
File: ot1ppl.fd 2001/06/04 font definitions for OT1/ppl.
)
(G:\LaTex\CTEX\MiKTeX\tex\context\base\supp-pdf.mkii
[Loading MPS to PDF converter (version 2006.09.02).]
\scratchcounter=\count125
\scratchdimen=\dimen133
\scratchbox=\box35
\nofMPsegments=\count126
\nofMParguments=\count127
\everyMPshowfont=\toks25
\MPscratchCnt=\count128
\MPscratchDim=\dimen134
\MPnumerator=\count129
\makeMPintoPDFobject=\count130
\everyMPtoPDFconversion=\toks26
)
*geometry* driver: auto-detecting
*geometry* detected driver: pdftex
*geometry* verbose mode - [ preamble ] result:
* driver: pdftex
* paper: a4paper
* layout: <same size as paper>
* layoutoffset:(h,v)=(0.0pt,0.0pt)
* modes: 
* h-part:(L,W,R)=(89.62709pt, 418.25368pt, 89.6271pt)
* v-part:(T,H,B)=(101.40665pt, 591.5302pt, 152.11pt)
* \paperwidth=597.50787pt
* \paperheight=845.04684pt
* \textwidth=418.25368pt
* \textheight=591.5302pt
* \oddsidemargin=17.3571pt
* \evensidemargin=17.3571pt
* \topmargin=-7.86334pt
* \headheight=12.0pt
* \headsep=25.0pt
* \topskip=11.0pt
* \footskip=30.0pt
* \marginparwidth=50.0pt
* \marginparsep=10.0pt
* \columnsep=10.0pt
* \skip\footins=10.0pt plus 4.0pt minus 2.0pt
* \hoffset=0.0pt
* \voffset=0.0pt
* \mag=1000
* \@twocolumnfalse
* \@twosidefalse
* \@mparswitchfalse
* \@reversemarginfalse
* (1in=72.27pt=25.4mm, 1cm=28.453pt)

\c@lstlisting=\count131
(G:\LaTex\CTEX\MiKTeX\tex\latex\listings\lstlang1.sty
File: lstlang1.sty 2004/09/05 1.3 listings language file
) [1

{G:/LaTex/CTEX/UserData/pdftex/config/pdftex.map{Unicode.sfd}{UGBK.sfd}}]
*geometry* verbose mode - [ newgeometry ] result:
* driver: pdftex
* paper: a4paper
* layout: <same size as paper>
* layoutoffset:(h,v)=(0.0pt,0.0pt)
* modes: 
* h-part:(L,W,R)=(56.9055pt, 483.69687pt, 56.9055pt)
* v-part:(T,H,B)=(85.35826pt, 674.33032pt, 85.35826pt)
* \paperwidth=597.50787pt
* \paperheight=845.04684pt
* \textwidth=483.69687pt
* \textheight=674.33032pt
* \oddsidemargin=-15.36449pt
* \evensidemargin=-15.36449pt
* \topmargin=-23.91173pt
* \headheight=12.0pt
* \headsep=25.0pt
* \topskip=11.0pt
* \footskip=30.0pt
* \marginparwidth=50.0pt
* \marginparsep=10.0pt
* \columnsep=10.0pt
* \skip\footins=10.0pt plus 4.0pt minus 2.0pt
* \hoffset=0.0pt
* \voffset=0.0pt
* \mag=1000
* \@twocolumnfalse
* \@twosidefalse
* \@mparswitchfalse
* \@reversemarginfalse
* (1in=72.27pt=25.4mm, 1cm=28.453pt)

LaTeX Font Info:    Font shape `OT1/ppl/bx/n' in size <14.4> not available
(Font)              Font shape `OT1/ppl/b/n' tried instead on input line 78.
LaTeX Font Info:    Font shape `OT1/ppl/bx/n' in size <12> not available
(Font)              Font shape `OT1/ppl/b/n' tried instead on input line 82.
 [2

] [3] [4]
Missing character: There is no ¡ in font cmr10!
Missing character: There is no ª in font cmr10!
Missing character: There is no ¡ in font cmr10!
Missing character: There is no ª in font cmr10!

<1.png, id=22, 432.4155pt x 379.4175pt>
File: 1.png Graphic file (type png)
 <use 1.png>
Package pdftex.def Info: 1.png used on input line 315.
(pdftex.def)             Requested size: 432.41444pt x 379.41656pt.

<2.png, id=24, 458.31226pt x 404.712pt>
File: 2.png Graphic file (type png)
 <use 2.png>
Package pdftex.def Info: 2.png used on input line 320.
(pdftex.def)             Requested size: 458.31113pt x 404.71101pt.

<3.png, id=25, 489.027pt x 437.83575pt>
File: 3.png Graphic file (type png)
 <use 3.png>
Package pdftex.def Info: 3.png used on input line 324.
(pdftex.def)             Requested size: 489.02579pt x 437.83469pt.
 [5 <C:/Users/Administrator/Desktop/winter quarter/MAE281/homework1/1.png>]
<4.png, id=30, 501.67426pt x 398.08725pt>
File: 4.png Graphic file (type png)
 <use 4.png>
Package pdftex.def Info: 4.png used on input line 330.
(pdftex.def)             Requested size: 501.67302pt x 398.08627pt.
 [6 <C:/Users/Administrator/Desktop/winter quarter/MAE281/homework1/2.png> <C:/
Users/Administrator/Desktop/winter quarter/MAE281/homework1/3.png> <C:/Users/Ad
ministrator/Desktop/winter quarter/MAE281/homework1/4.png>] <5.png, id=37, 466.
1415pt x 365.56575pt>
File: 5.png Graphic file (type png)

<use 5.png>
Package pdftex.def Info: 5.png used on input line 373.
(pdftex.def)             Requested size: 466.14035pt x 365.56485pt.
 [7 <C:/Users/Administrator/Desktop/winter quarter/MAE281/homework1/5.png>] <6.
png, id=45, 460.119pt x 365.56575pt>
File: 6.png Graphic file (type png)
 <use 6.png>
Package pdftex.def Info: 6.png used on input line 416.
(pdftex.def)             Requested size: 460.11787pt x 365.56485pt.
 [8 <C:/Users/Administrator/Desktop/winter quarter/MAE281/homework1/6.png>]
<7.png, id=50, 530.58224pt x 442.0515pt>
File: 7.png Graphic file (type png)
 <use 7.png>
Package pdftex.def Info: 7.png used on input line 459.
(pdftex.def)             Requested size: 530.58095pt x 442.05042pt.

("C:\Users\Administrator\Desktop\winter quarter\MAE281\homework1\MAE281HW1.m"
LaTeX Font Info:    Try loading font information for OMS+ppl on input line 6.

(G:\LaTex\CTEX\MiKTeX\tex\latex\psnfss\omsppl.fd
File: omsppl.fd 
)
LaTeX Font Info:    Font shape `OMS/ppl/m/n' in size <10.95> not available
(Font)              Font shape `OMS/cmsy/m/n' tried instead on input line 6.
 [9 <C:/Users/Administrator/Desktop/winter quarter/MAE281/homework1/7.png>])
("C:\Users\Administrator\Desktop\winter quarter\MAE281\homework1\mae281_hw1_pha
se.m"
LaTeX Font Info:    Try loading font information for OML+ppl on input line 6.
 (G:\LaTex\CTEX\MiKTeX\tex\latex\psnfss\omlppl.fd
File: omlppl.fd 
)
LaTeX Font Info:    Font shape `OML/ppl/m/n' in size <10.95> not available
(Font)              Font shape `OML/cmm/m/it' tried instead on input line 6.
) [10]
("C:\Users\Administrator\Desktop\winter quarter\MAE281\homework1\homework1.aux"
) ) 
Here is how much of TeX's memory you used:
 5224 strings out of 495354
 67500 string characters out of 3183523
 241655 words of memory out of 3000000
 8288 multiletter control sequences out of 15000+200000
 15003 words of font info for 43 fonts, out of 3000000 for 9000
 14 hyphenation exceptions out of 8191
 32i,12n,40p,631b,1976s stack positions out of 5000i,500n,10000p,200000b,50000s
{G:/LaTex/CTEX/MiKTeX/fonts/enc/dvips/fontname/8r.enc}<G:/LaTex/CTEX/MiKTeX/
fonts/type1/public/amsfonts/cm/cmex10.pfb><G:/LaTex/CTEX/MiKTeX/fonts/type1/pub
lic/amsfonts/cm/cmmi10.pfb><G:/LaTex/CTEX/MiKTeX/fonts/type1/public/amsfonts/cm
/cmmi8.pfb><G:/LaTex/CTEX/MiKTeX/fonts/type1/public/amsfonts/cm/cmr10.pfb><G:/L
aTex/CTEX/MiKTeX/fonts/type1/public/amsfonts/cm/cmr6.pfb><G:/LaTex/CTEX/MiKTeX/
fonts/type1/public/amsfonts/cm/cmr8.pfb><G:/LaTex/CTEX/MiKTeX/fonts/type1/publi
c/amsfonts/cm/cmsy10.pfb><G:/LaTex/CTEX/MiKTeX/fonts/type1/public/amsfonts/cm/c
msy8.pfb><G:/LaTex/CTEX/MiKTeX/fonts/type1/urw/palatino/uplb8a.pfb><G:/LaTex/CT
EX/MiKTeX/fonts/type1/urw/palatino/uplr8a.pfb>
Output written on homework1.pdf (10 pages, 1054370 bytes).
PDF statistics:
 91 PDF objects out of 1000 (max. 8388607)
 0 named destinations out of 1000 (max. 500000)
 36 words of extra memory for PDF output out of 10000 (max. 10000000)

